2021-11-12T19:52:25.339064Z 0 [Warning] TIMESTAMP with implicit DEFAULT value is deprecated. Please use --explicit_defaults_for_timestamp server option (see documentation for more details).
2021-11-12T19:52:25.341139Z 0 [Warning] Setting lower_case_table_names=2 because file system for /Users/francesthai/planetscale/vitess/examples/local/vtdataroot/vt_0000000102/data/ is case insensitive
2021-11-12T19:52:25.439339Z 0 [Warning] InnoDB: New log files created, LSN=45790
2021-11-12T19:52:25.452838Z 0 [Warning] InnoDB: Creating foreign key constraint system tables.
2021-11-12T19:52:25.597882Z 0 [Warning] No existing UUID has been found, so we assume that this is the first time that this server has been started. Generating a new UUID: 0f175bfa-43f2-11ec-bd92-c280389852d0.
2021-11-12T19:52:25.634259Z 0 [Warning] Gtid table is not ready to be used. Table 'mysql.gtid_executed' cannot be opened.
2021-11-12T19:52:26.049837Z 0 [Warning] A deprecated TLS version TLSv1 is enabled. Please use TLSv1.2 or higher.
2021-11-12T19:52:26.049851Z 0 [Warning] A deprecated TLS version TLSv1.1 is enabled. Please use TLSv1.2 or higher.
2021-11-12T19:52:26.050313Z 0 [Warning] CA certificate ca.pem is self signed.
2021-11-12T19:52:26.101905Z 1 [Warning] root@localhost is created with an empty password ! Please consider switching off the --initialize-insecure option.
2021-11-12T19:52:32.6NZ mysqld_safe Logging to '/Users/francesthai/planetscale/vitess/examples/local/vtdataroot/vt_0000000102/error.log'.
2021-11-12T19:52:32.6NZ mysqld_safe Starting mysqld daemon with databases from /Users/francesthai/planetscale/vitess/examples/local/vtdataroot/vt_0000000102/data
2021-11-12T19:52:32.393318Z 0 [Warning] TIMESTAMP with implicit DEFAULT value is deprecated. Please use --explicit_defaults_for_timestamp server option (see documentation for more details).
2021-11-12T19:52:32.395290Z 0 [Warning] Insecure configuration for --secure-file-priv: Location is accessible to all OS users. Consider choosing a different directory.
2021-11-12T19:52:32.395349Z 0 [Note] /usr/local/opt/mysql@5.7/bin/mysqld (mysqld 5.7.36-log) starting as process 99660 ...
2021-11-12T19:52:32.397058Z 0 [Warning] Setting lower_case_table_names=2 because file system for /Users/francesthai/planetscale/vitess/examples/local/vtdataroot/vt_0000000102/data/ is case insensitive
2021-11-12T19:52:32.419796Z 0 [Note] InnoDB: Mutexes and rw_locks use GCC atomic builtins
2021-11-12T19:52:32.419844Z 0 [Note] InnoDB: Uses event mutexes
2021-11-12T19:52:32.419866Z 0 [Note] InnoDB: GCC builtin __atomic_thread_fence() is used for memory barrier
2021-11-12T19:52:32.419882Z 0 [Note] InnoDB: Compressed tables use zlib 1.2.11
2021-11-12T19:52:32.422894Z 0 [Note] InnoDB: Number of pools: 1
2021-11-12T19:52:32.423036Z 0 [Note] InnoDB: Using CPU crc32 instructions
2021-11-12T19:52:32.424569Z 0 [Note] InnoDB: Initializing buffer pool, total size = 128M, instances = 1, chunk size = 128M
2021-11-12T19:52:32.433733Z 0 [Note] InnoDB: Completed initialization of buffer pool
2021-11-12T19:52:32.448331Z 0 [Note] InnoDB: Highest supported file format is Barracuda.
2021-11-12T19:52:32.455451Z 0 [Note] InnoDB: Creating shared tablespace for temporary tables
2021-11-12T19:52:32.455612Z 0 [Note] InnoDB: Setting file '/Users/francesthai/planetscale/vitess/examples/local/vtdataroot/vt_0000000102/innodb/data/ibtmp1' size to 12 MB. Physically writing the file full; Please wait ...
2021-11-12T19:52:32.461708Z 0 [Note] InnoDB: File '/Users/francesthai/planetscale/vitess/examples/local/vtdataroot/vt_0000000102/innodb/data/ibtmp1' size is now 12 MB.
2021-11-12T19:52:32.462351Z 0 [Note] InnoDB: 96 redo rollback segment(s) found. 96 redo rollback segment(s) are active.
2021-11-12T19:52:32.462368Z 0 [Note] InnoDB: 32 non-redo rollback segment(s) are active.
2021-11-12T19:52:32.462521Z 0 [Note] InnoDB: Waiting for purge to start
2021-11-12T19:52:32.517387Z 0 [Note] InnoDB: 5.7.36 started; log sequence number 2749723
2021-11-12T19:52:32.517970Z 0 [Note] InnoDB: Loading buffer pool(s) from /Users/francesthai/planetscale/vitess/examples/local/vtdataroot/vt_0000000102/innodb/data/ib_buffer_pool
2021-11-12T19:52:32.518055Z 0 [Note] Plugin 'FEDERATED' is disabled.
2021-11-12T19:52:32.521159Z 0 [Note] InnoDB: Buffer pool(s) load completed at 211112 11:52:32
2021-11-12T19:52:32.630594Z 0 [Note] Found ca.pem, server-cert.pem and server-key.pem in data directory. Trying to enable SSL support using them.
2021-11-12T19:52:32.630668Z 0 [Note] Skipping generation of SSL certificates as certificate files are present in data directory.
2021-11-12T19:52:32.630680Z 0 [Warning] A deprecated TLS version TLSv1 is enabled. Please use TLSv1.2 or higher.
2021-11-12T19:52:32.630689Z 0 [Warning] A deprecated TLS version TLSv1.1 is enabled. Please use TLSv1.2 or higher.
2021-11-12T19:52:32.631642Z 0 [Warning] CA certificate ca.pem is self signed.
2021-11-12T19:52:32.631741Z 0 [Note] Skipping generation of RSA key pair as key files are present in data directory.
2021-11-12T19:52:32.631924Z 0 [Note] Server hostname (bind-address): '*'; port: 17102
2021-11-12T19:52:32.632030Z 0 [Note] IPv6 is available.
2021-11-12T19:52:32.632058Z 0 [Note]   - '::' resolves to '::';
2021-11-12T19:52:32.632097Z 0 [Note] Server socket created on IP: '::'.
2021-11-12T19:52:32.650262Z 0 [Note] Event Scheduler: Loaded 0 events
2021-11-12T19:52:32.650399Z 0 [Note] /usr/local/opt/mysql@5.7/bin/mysqld: ready for connections.
Version: '5.7.36-log'  socket: '/Users/francesthai/planetscale/vitess/examples/local/vtdataroot/vt_0000000102/mysql.sock'  port: 17102  Homebrew
2021-11-12T19:52:32.760017Z 2 [Note] Aborted connection 2 to db: 'unconnected' user: 'root' host: 'localhost' (Got an error reading communication packets)
2021-11-13T02:07:54.919000Z 0 [Note] InnoDB: page_cleaner: 1000ms intended loop took 3600284ms. The settings might not be optimal. (flushed=0 and evicted=0, during the time.)
2021-11-13T02:11:14.792195Z 0 [Note] InnoDB: page_cleaner: 1000ms intended loop took 192836ms. The settings might not be optimal. (flushed=0 and evicted=0, during the time.)
2021-11-13T02:51:49.881929Z 0 [Note] InnoDB: page_cleaner: 1000ms intended loop took 2064748ms. The settings might not be optimal. (flushed=0 and evicted=0, during the time.)
2021-11-13T04:00:24.750955Z 0 [Note] InnoDB: page_cleaner: 1000ms intended loop took 4068613ms. The settings might not be optimal. (flushed=0 and evicted=0, during the time.)
2021-11-13T04:52:51.966169Z 0 [Note] InnoDB: page_cleaner: 1000ms intended loop took 3129547ms. The settings might not be optimal. (flushed=0 and evicted=0, during the time.)
2021-11-13T05:52:38.285136Z 0 [Note] InnoDB: page_cleaner: 1000ms intended loop took 3568235ms. The settings might not be optimal. (flushed=0 and evicted=0, during the time.)
2021-11-13T05:57:11.803758Z 0 [Note] InnoDB: page_cleaner: 1000ms intended loop took 267513ms. The settings might not be optimal. (flushed=0 and evicted=0, during the time.)
2021-11-13T05:58:16.035802Z 0 [Note] InnoDB: page_cleaner: 1000ms intended loop took 11780ms. The settings might not be optimal. (flushed=0 and evicted=0, during the time.)
2021-11-13T07:41:18.205741Z 0 [Note] InnoDB: page_cleaner: 1000ms intended loop took 6143905ms. The settings might not be optimal. (flushed=0 and evicted=0, during the time.)
2021-11-13T07:53:34.003801Z 0 [Note] InnoDB: page_cleaner: 1000ms intended loop took 717801ms. The settings might not be optimal. (flushed=0 and evicted=0, during the time.)
2021-11-13T08:58:52.106757Z 0 [Note] InnoDB: page_cleaner: 1000ms intended loop took 3906026ms. The settings might not be optimal. (flushed=0 and evicted=0, during the time.)
2021-11-13T09:38:51.994128Z 0 [Note] InnoDB: page_cleaner: 1000ms intended loop took 2391121ms. The settings might not be optimal. (flushed=0 and evicted=0, during the time.)
2021-11-13T10:51:01.665949Z 0 [Note] InnoDB: page_cleaner: 1000ms intended loop took 4313383ms. The settings might not be optimal. (flushed=0 and evicted=0, during the time.)
2021-11-13T12:39:11.888254Z 0 [Note] InnoDB: page_cleaner: 1000ms intended loop took 6474906ms. The settings might not be optimal. (flushed=0 and evicted=0, during the time.)
2021-11-13T14:27:20.560900Z 0 [Note] InnoDB: page_cleaner: 1000ms intended loop took 6470923ms. The settings might not be optimal. (flushed=0 and evicted=0, during the time.)
2021-11-13T16:15:34.205786Z 0 [Note] InnoDB: page_cleaner: 1000ms intended loop took 6472913ms. The settings might not be optimal. (flushed=0 and evicted=0, during the time.)
2021-11-13T17:59:54.492212Z 0 [Note] InnoDB: page_cleaner: 1000ms intended loop took 6244920ms. The settings might not be optimal. (flushed=0 and evicted=0, during the time.)
2021-11-14T02:55:27.667650Z 0 [Note] InnoDB: page_cleaner: 1000ms intended loop took 32084884ms. The settings might not be optimal. (flushed=0 and evicted=0, during the time.)
2021-11-14T08:25:14.767342Z 0 [Note] InnoDB: page_cleaner: 1000ms intended loop took 19768535ms. The settings might not be optimal. (flushed=0 and evicted=0, during the time.)
2021-11-14T10:26:25.718035Z 0 [Note] InnoDB: page_cleaner: 1000ms intended loop took 7241042ms. The settings might not be optimal. (flushed=0 and evicted=0, during the time.)
2021-11-14T13:35:08.479128Z 0 [Note] InnoDB: page_cleaner: 1000ms intended loop took 11306435ms. The settings might not be optimal. (flushed=0 and evicted=0, during the time.)
2021-11-15T01:42:11.373624Z 0 [Note] InnoDB: page_cleaner: 1000ms intended loop took 43590223ms. The settings might not be optimal. (flushed=0 and evicted=0, during the time.)
2021-11-15T02:40:28.738181Z 0 [Note] InnoDB: page_cleaner: 1000ms intended loop took 1794494ms. The settings might not be optimal. (flushed=0 and evicted=0, during the time.)
2021-11-15T02:43:12.512586Z 0 [Note] InnoDB: page_cleaner: 1000ms intended loop took 37161ms. The settings might not be optimal. (flushed=0 and evicted=0, during the time.)
2021-11-15T04:10:31.085247Z 0 [Note] InnoDB: page_cleaner: 1000ms intended loop took 5226229ms. The settings might not be optimal. (flushed=0 and evicted=0, during the time.)
2021-11-15T05:58:44.255368Z 0 [Note] InnoDB: page_cleaner: 1000ms intended loop took 6485640ms. The settings might not be optimal. (flushed=0 and evicted=0, during the time.)
2021-11-15T07:46:55.849740Z 0 [Note] InnoDB: page_cleaner: 1000ms intended loop took 6471584ms. The settings might not be optimal. (flushed=0 and evicted=0, during the time.)
2021-11-15T09:35:07.330561Z 0 [Note] InnoDB: page_cleaner: 1000ms intended loop took 6470884ms. The settings might not be optimal. (flushed=0 and evicted=0, during the time.)
2021-11-15T11:23:17.178717Z 0 [Note] InnoDB: page_cleaner: 1000ms intended loop took 6471442ms. The settings might not be optimal. (flushed=0 and evicted=0, during the time.)
2021-11-15T13:11:24.864309Z 0 [Note] InnoDB: page_cleaner: 1000ms intended loop took 6473479ms. The settings might not be optimal. (flushed=0 and evicted=0, during the time.)
2021-11-15T14:44:21.331298Z 0 [Note] InnoDB: page_cleaner: 1000ms intended loop took 5558059ms. The settings might not be optimal. (flushed=0 and evicted=0, during the time.)
2021-11-15T15:00:07.862948Z 0 [Note] InnoDB: page_cleaner: 1000ms intended loop took 914722ms. The settings might not be optimal. (flushed=0 and evicted=0, during the time.)
2021-11-15T15:49:28.490485Z 0 [Note] InnoDB: page_cleaner: 1000ms intended loop took 2945590ms. The settings might not be optimal. (flushed=0 and evicted=0, during the time.)
2021-11-15T15:54:22.557559Z 0 [Note] InnoDB: page_cleaner: 1000ms intended loop took 209700ms. The settings might not be optimal. (flushed=0 and evicted=0, during the time.)
