{"level":"info","ts":"2021-11-12T11:50:53.228-0800","caller":"etcdmain/etcd.go:72","msg":"Running: ","args":["etcd","--enable-v2=true","--data-dir","/Users/francesthai/planetscale/vitess/examples/local/vtdataroot/etcd/","--listen-client-urls","http://localhost:2379","--advertise-client-urls","http://localhost:2379"]}
{"level":"info","ts":"2021-11-12T11:50:53.228-0800","caller":"etcdmain/etcd.go:99","msg":"failed to detect default host","error":"default host not supported on darwin_amd64"}
{"level":"info","ts":"2021-11-12T11:50:53.228-0800","caller":"embed/etcd.go:131","msg":"configuring peer listeners","listen-peer-urls":["http://localhost:2380"]}
{"level":"info","ts":"2021-11-12T11:50:53.229-0800","caller":"embed/etcd.go:139","msg":"configuring client listeners","listen-client-urls":["http://localhost:2379"]}
{"level":"info","ts":"2021-11-12T11:50:53.229-0800","caller":"embed/etcd.go:307","msg":"starting an etcd server","etcd-version":"3.5.1","git-sha":"d42e8589e","go-version":"go1.17.2","go-os":"darwin","go-arch":"amd64","max-cpu-set":16,"max-cpu-available":16,"member-initialized":false,"name":"default","data-dir":"/Users/francesthai/planetscale/vitess/examples/local/vtdataroot/etcd/","wal-dir":"","wal-dir-dedicated":"","member-dir":"/Users/francesthai/planetscale/vitess/examples/local/vtdataroot/etcd/member","force-new-cluster":false,"heartbeat-interval":"100ms","election-timeout":"1s","initial-election-tick-advance":true,"snapshot-count":100000,"snapshot-catchup-entries":5000,"initial-advertise-peer-urls":["http://localhost:2380"],"listen-peer-urls":["http://localhost:2380"],"advertise-client-urls":["http://localhost:2379"],"listen-client-urls":["http://localhost:2379"],"listen-metrics-urls":[],"cors":["*"],"host-whitelist":["*"],"initial-cluster":"default=http://localhost:2380","initial-cluster-state":"new","initial-cluster-token":"etcd-cluster","quota-size-bytes":2147483648,"pre-vote":true,"initial-corrupt-check":false,"corrupt-check-time-interval":"0s","auto-compaction-mode":"periodic","auto-compaction-retention":"0s","auto-compaction-interval":"0s","discovery-url":"","discovery-proxy":"","downgrade-check-interval":"5s"}
{"level":"warn","ts":1636746653.229706,"caller":"fileutil/fileutil.go:57","msg":"check file permission","error":"directory \"/Users/francesthai/planetscale/vitess/examples/local/vtdataroot/etcd/\" exist, but the permission is \"drwxr-xr-x\". The recommended permission is \"-rwx------\" to prevent possible unprivileged access to the data"}
{"level":"info","ts":"2021-11-12T11:50:53.250-0800","caller":"etcdserver/backend.go:81","msg":"opened backend db","path":"/Users/francesthai/planetscale/vitess/examples/local/vtdataroot/etcd/member/snap/db","took":"20.000676ms"}
{"level":"info","ts":"2021-11-12T11:50:53.317-0800","caller":"etcdserver/raft.go:448","msg":"starting local member","local-member-id":"8e9e05c52164694d","cluster-id":"cdf818194e3a8c32"}
{"level":"info","ts":"2021-11-12T11:50:53.318-0800","logger":"raft","caller":"etcdserver/zap_raft.go:77","msg":"8e9e05c52164694d switched to configuration voters=()"}
{"level":"info","ts":"2021-11-12T11:50:53.318-0800","logger":"raft","caller":"etcdserver/zap_raft.go:77","msg":"8e9e05c52164694d became follower at term 0"}
{"level":"info","ts":"2021-11-12T11:50:53.318-0800","logger":"raft","caller":"etcdserver/zap_raft.go:77","msg":"newRaft 8e9e05c52164694d [peers: [], term: 0, commit: 0, applied: 0, lastindex: 0, lastterm: 0]"}
{"level":"info","ts":"2021-11-12T11:50:53.318-0800","logger":"raft","caller":"etcdserver/zap_raft.go:77","msg":"8e9e05c52164694d became follower at term 1"}
{"level":"info","ts":"2021-11-12T11:50:53.318-0800","logger":"raft","caller":"etcdserver/zap_raft.go:77","msg":"8e9e05c52164694d switched to configuration voters=(10276657743932975437)"}
{"level":"warn","ts":"2021-11-12T11:50:53.378-0800","caller":"auth/store.go:1220","msg":"simple token is not cryptographically signed"}
{"level":"info","ts":"2021-11-12T11:50:53.436-0800","caller":"mvcc/kvstore.go:415","msg":"kvstore restored","current-rev":1}
{"level":"info","ts":"2021-11-12T11:50:53.474-0800","caller":"etcdserver/quota.go:94","msg":"enabled backend quota with default value","quota-name":"v3-applier","quota-size-bytes":2147483648,"quota-size":"2.1 GB"}
{"level":"info","ts":"2021-11-12T11:50:53.514-0800","caller":"etcdserver/server.go:843","msg":"starting etcd server","local-member-id":"8e9e05c52164694d","local-server-version":"3.5.1","cluster-version":"to_be_decided"}
{"level":"warn","ts":"2021-11-12T11:50:53.514-0800","caller":"etcdserver/metrics.go:224","msg":"failed to get file descriptor usage","error":"cannot get FDUsage on darwin"}
{"level":"info","ts":"2021-11-12T11:50:53.514-0800","caller":"etcdserver/server.go:728","msg":"started as single-node; fast-forwarding election ticks","local-member-id":"8e9e05c52164694d","forward-ticks":9,"forward-duration":"900ms","election-ticks":10,"election-timeout":"1s"}
{"level":"info","ts":"2021-11-12T11:50:53.515-0800","logger":"raft","caller":"etcdserver/zap_raft.go:77","msg":"8e9e05c52164694d switched to configuration voters=(10276657743932975437)"}
{"level":"info","ts":"2021-11-12T11:50:53.515-0800","caller":"membership/cluster.go:421","msg":"added member","cluster-id":"cdf818194e3a8c32","local-member-id":"8e9e05c52164694d","added-peer-id":"8e9e05c52164694d","added-peer-peer-urls":["http://localhost:2380"]}
{"level":"warn","ts":"2021-11-12T11:50:53.517-0800","caller":"embed/etcd.go:700","msg":"Flag `enable-v2` is deprecated and will get removed in etcd 3.6."}
{"level":"info","ts":"2021-11-12T11:50:53.517-0800","caller":"embed/etcd.go:580","msg":"serving peer traffic","address":"127.0.0.1:2380"}
{"level":"info","ts":"2021-11-12T11:50:53.534-0800","caller":"embed/etcd.go:276","msg":"now serving peer/client/metrics","local-member-id":"8e9e05c52164694d","initial-advertise-peer-urls":["http://localhost:2380"],"listen-peer-urls":["http://localhost:2380"],"advertise-client-urls":["http://localhost:2379"],"listen-client-urls":["http://localhost:2379"],"listen-metrics-urls":[]}
{"level":"info","ts":"2021-11-12T11:50:53.534-0800","caller":"embed/etcd.go:552","msg":"cmux::serve","address":"127.0.0.1:2380"}
{"level":"info","ts":"2021-11-12T11:50:54.323-0800","logger":"raft","caller":"etcdserver/zap_raft.go:77","msg":"8e9e05c52164694d is starting a new election at term 1"}
{"level":"info","ts":"2021-11-12T11:50:54.323-0800","logger":"raft","caller":"etcdserver/zap_raft.go:77","msg":"8e9e05c52164694d became pre-candidate at term 1"}
{"level":"info","ts":"2021-11-12T11:50:54.323-0800","logger":"raft","caller":"etcdserver/zap_raft.go:77","msg":"8e9e05c52164694d received MsgPreVoteResp from 8e9e05c52164694d at term 1"}
{"level":"info","ts":"2021-11-12T11:50:54.323-0800","logger":"raft","caller":"etcdserver/zap_raft.go:77","msg":"8e9e05c52164694d became candidate at term 2"}
{"level":"info","ts":"2021-11-12T11:50:54.323-0800","logger":"raft","caller":"etcdserver/zap_raft.go:77","msg":"8e9e05c52164694d received MsgVoteResp from 8e9e05c52164694d at term 2"}
{"level":"info","ts":"2021-11-12T11:50:54.323-0800","logger":"raft","caller":"etcdserver/zap_raft.go:77","msg":"8e9e05c52164694d became leader at term 2"}
{"level":"info","ts":"2021-11-12T11:50:54.323-0800","logger":"raft","caller":"etcdserver/zap_raft.go:77","msg":"raft.node: 8e9e05c52164694d elected leader 8e9e05c52164694d at term 2"}
{"level":"info","ts":"2021-11-12T11:50:54.324-0800","caller":"etcdserver/server.go:2476","msg":"setting up initial cluster version using v2 API","cluster-version":"3.5"}
{"level":"info","ts":"2021-11-12T11:50:54.344-0800","caller":"membership/cluster.go:584","msg":"set initial cluster version","cluster-id":"cdf818194e3a8c32","local-member-id":"8e9e05c52164694d","cluster-version":"3.5"}
{"level":"info","ts":"2021-11-12T11:50:54.344-0800","caller":"etcdserver/server.go:2027","msg":"published local member to cluster through raft","local-member-id":"8e9e05c52164694d","local-member-attributes":"{Name:default ClientURLs:[http://localhost:2379]}","request-path":"/0/members/8e9e05c52164694d/attributes","cluster-id":"cdf818194e3a8c32","publish-timeout":"7s"}
{"level":"info","ts":"2021-11-12T11:50:54.344-0800","caller":"embed/serve.go:98","msg":"ready to serve client requests"}
{"level":"info","ts":"2021-11-12T11:50:54.344-0800","caller":"etcdmain/main.go:47","msg":"notifying init daemon"}
{"level":"info","ts":"2021-11-12T11:50:54.345-0800","caller":"api/capability.go:75","msg":"enabled capabilities for version","cluster-version":"3.5"}
{"level":"info","ts":"2021-11-12T11:50:54.363-0800","caller":"etcdmain/main.go:53","msg":"successfully notified init daemon"}
{"level":"info","ts":"2021-11-12T11:50:54.346-0800","caller":"embed/serve.go:140","msg":"serving client traffic insecurely; this is strongly discouraged!","address":"127.0.0.1:2379"}
{"level":"info","ts":"2021-11-12T11:50:54.363-0800","caller":"etcdserver/server.go:2500","msg":"cluster version is updated","cluster-version":"3.5"}
{"level":"info","ts":"2021-11-12T12:19:49.045-0800","caller":"osutil/interrupt_unix.go:64","msg":"received signal; shutting down","signal":"interrupt"}
{"level":"info","ts":"2021-11-12T12:19:49.047-0800","caller":"embed/etcd.go:367","msg":"closing etcd server","name":"default","data-dir":"/Users/francesthai/planetscale/vitess/examples/local/vtdataroot/etcd/","advertise-peer-urls":["http://localhost:2380"],"advertise-client-urls":["http://localhost:2379"]}
{"level":"info","ts":"2021-11-12T12:19:49.048-0800","caller":"etcdserver/server.go:1438","msg":"skipped leadership transfer for single voting member cluster","local-member-id":"8e9e05c52164694d","current-leader-member-id":"8e9e05c52164694d"}
WARNING: 2021/11/12 12:19:49 [core] grpc: addrConn.createTransport failed to connect to {localhost:2379 localhost:2379 <nil> 0 <nil>}. Err: connection error: desc = "transport: Error while dialing dial tcp [::1]:2379: connect: connection refused". Reconnecting...
{"level":"info","ts":"2021-11-12T12:19:49.201-0800","caller":"embed/etcd.go:562","msg":"stopping serving peer traffic","address":"127.0.0.1:2380"}
{"level":"info","ts":"2021-11-12T12:19:49.203-0800","caller":"embed/etcd.go:567","msg":"stopped serving peer traffic","address":"127.0.0.1:2380"}
{"level":"info","ts":"2021-11-12T12:19:49.221-0800","caller":"embed/etcd.go:369","msg":"closed etcd server","name":"default","data-dir":"/Users/francesthai/planetscale/vitess/examples/local/vtdataroot/etcd/","advertise-peer-urls":["http://localhost:2380"],"advertise-client-urls":["http://localhost:2379"]}
