2021-11-12T19:51:00.168597Z 0 [Warning] TIMESTAMP with implicit DEFAULT value is deprecated. Please use --explicit_defaults_for_timestamp server option (see documentation for more details).
2021-11-12T19:51:00.171937Z 0 [Warning] Setting lower_case_table_names=2 because file system for /Users/francesthai/planetscale/vitess/examples/local/vtdataroot/vt_0000000100/data/ is case insensitive
2021-11-12T19:51:00.263654Z 0 [Warning] InnoDB: New log files created, LSN=45790
2021-11-12T19:51:00.277732Z 0 [Warning] InnoDB: Creating foreign key constraint system tables.
2021-11-12T19:51:00.432839Z 0 [Warning] No existing UUID has been found, so we assume that this is the first time that this server has been started. Generating a new UUID: dc543576-43f1-11ec-bcea-027a5d64dc24.
2021-11-12T19:51:00.451396Z 0 [Warning] Gtid table is not ready to be used. Table 'mysql.gtid_executed' cannot be opened.
2021-11-12T19:51:00.709824Z 0 [Warning] A deprecated TLS version TLSv1 is enabled. Please use TLSv1.2 or higher.
2021-11-12T19:51:00.709837Z 0 [Warning] A deprecated TLS version TLSv1.1 is enabled. Please use TLSv1.2 or higher.
2021-11-12T19:51:00.710518Z 0 [Warning] CA certificate ca.pem is self signed.
2021-11-12T19:51:00.725236Z 1 [Warning] root@localhost is created with an empty password ! Please consider switching off the --initialize-insecure option.
2021-11-12T19:51:07.6NZ mysqld_safe Logging to '/Users/francesthai/planetscale/vitess/examples/local/vtdataroot/vt_0000000100/error.log'.
2021-11-12T19:51:07.6NZ mysqld_safe Starting mysqld daemon with databases from /Users/francesthai/planetscale/vitess/examples/local/vtdataroot/vt_0000000100/data
2021-11-12T19:51:07.564512Z 0 [Warning] TIMESTAMP with implicit DEFAULT value is deprecated. Please use --explicit_defaults_for_timestamp server option (see documentation for more details).
2021-11-12T19:51:07.566479Z 0 [Warning] Insecure configuration for --secure-file-priv: Location is accessible to all OS users. Consider choosing a different directory.
2021-11-12T19:51:07.566531Z 0 [Note] /usr/local/opt/mysql@5.7/bin/mysqld (mysqld 5.7.36-log) starting as process 97287 ...
2021-11-12T19:51:07.568237Z 0 [Warning] Setting lower_case_table_names=2 because file system for /Users/francesthai/planetscale/vitess/examples/local/vtdataroot/vt_0000000100/data/ is case insensitive
2021-11-12T19:51:07.589709Z 0 [Note] InnoDB: Mutexes and rw_locks use GCC atomic builtins
2021-11-12T19:51:07.589741Z 0 [Note] InnoDB: Uses event mutexes
2021-11-12T19:51:07.589755Z 0 [Note] InnoDB: GCC builtin __atomic_thread_fence() is used for memory barrier
2021-11-12T19:51:07.589764Z 0 [Note] InnoDB: Compressed tables use zlib 1.2.11
2021-11-12T19:51:07.592363Z 0 [Note] InnoDB: Number of pools: 1
2021-11-12T19:51:07.592488Z 0 [Note] InnoDB: Using CPU crc32 instructions
2021-11-12T19:51:07.593846Z 0 [Note] InnoDB: Initializing buffer pool, total size = 128M, instances = 1, chunk size = 128M
2021-11-12T19:51:07.602539Z 0 [Note] InnoDB: Completed initialization of buffer pool
2021-11-12T19:51:07.617724Z 0 [Note] InnoDB: Highest supported file format is Barracuda.
2021-11-12T19:51:07.625914Z 0 [Note] InnoDB: Creating shared tablespace for temporary tables
2021-11-12T19:51:07.626066Z 0 [Note] InnoDB: Setting file '/Users/francesthai/planetscale/vitess/examples/local/vtdataroot/vt_0000000100/innodb/data/ibtmp1' size to 12 MB. Physically writing the file full; Please wait ...
2021-11-12T19:51:07.632619Z 0 [Note] InnoDB: File '/Users/francesthai/planetscale/vitess/examples/local/vtdataroot/vt_0000000100/innodb/data/ibtmp1' size is now 12 MB.
2021-11-12T19:51:07.633287Z 0 [Note] InnoDB: 96 redo rollback segment(s) found. 96 redo rollback segment(s) are active.
2021-11-12T19:51:07.633304Z 0 [Note] InnoDB: 32 non-redo rollback segment(s) are active.
2021-11-12T19:51:07.633503Z 0 [Note] InnoDB: Waiting for purge to start
2021-11-12T19:51:07.683681Z 0 [Note] InnoDB: 5.7.36 started; log sequence number 2750297
2021-11-12T19:51:07.684139Z 0 [Note] InnoDB: Loading buffer pool(s) from /Users/francesthai/planetscale/vitess/examples/local/vtdataroot/vt_0000000100/innodb/data/ib_buffer_pool
2021-11-12T19:51:07.684216Z 0 [Note] Plugin 'FEDERATED' is disabled.
2021-11-12T19:51:07.687035Z 0 [Note] InnoDB: Buffer pool(s) load completed at 211112 11:51:07
2021-11-12T19:51:07.799748Z 0 [Note] Found ca.pem, server-cert.pem and server-key.pem in data directory. Trying to enable SSL support using them.
2021-11-12T19:51:07.799773Z 0 [Note] Skipping generation of SSL certificates as certificate files are present in data directory.
2021-11-12T19:51:07.799783Z 0 [Warning] A deprecated TLS version TLSv1 is enabled. Please use TLSv1.2 or higher.
2021-11-12T19:51:07.799789Z 0 [Warning] A deprecated TLS version TLSv1.1 is enabled. Please use TLSv1.2 or higher.
2021-11-12T19:51:07.800706Z 0 [Warning] CA certificate ca.pem is self signed.
2021-11-12T19:51:07.800796Z 0 [Note] Skipping generation of RSA key pair as key files are present in data directory.
2021-11-12T19:51:07.800965Z 0 [Note] Server hostname (bind-address): '*'; port: 17100
2021-11-12T19:51:07.801065Z 0 [Note] IPv6 is available.
2021-11-12T19:51:07.801091Z 0 [Note]   - '::' resolves to '::';
2021-11-12T19:51:07.801173Z 0 [Note] Server socket created on IP: '::'.
2021-11-12T19:51:07.817372Z 0 [Note] Event Scheduler: Loaded 0 events
2021-11-12T19:51:07.817483Z 0 [Note] /usr/local/opt/mysql@5.7/bin/mysqld: ready for connections.
Version: '5.7.36-log'  socket: '/Users/francesthai/planetscale/vitess/examples/local/vtdataroot/vt_0000000100/mysql.sock'  port: 17100  Homebrew
2021-11-12T19:51:07.872731Z 2 [Note] Aborted connection 2 to db: 'unconnected' user: 'root' host: 'localhost' (Got an error reading communication packets)
2021-11-13T02:07:54.930516Z 0 [Note] InnoDB: page_cleaner: 1000ms intended loop took 3600622ms. The settings might not be optimal. (flushed=0 and evicted=0, during the time.)
2021-11-13T02:11:14.792240Z 0 [Note] InnoDB: page_cleaner: 1000ms intended loop took 192836ms. The settings might not be optimal. (flushed=0 and evicted=0, during the time.)
2021-11-13T02:51:49.881523Z 0 [Note] InnoDB: page_cleaner: 1000ms intended loop took 2064705ms. The settings might not be optimal. (flushed=0 and evicted=0, during the time.)
2021-11-13T04:00:24.750285Z 0 [Note] InnoDB: page_cleaner: 1000ms intended loop took 4068613ms. The settings might not be optimal. (flushed=0 and evicted=0, during the time.)
2021-11-13T04:52:51.966048Z 0 [Note] InnoDB: page_cleaner: 1000ms intended loop took 3129541ms. The settings might not be optimal. (flushed=0 and evicted=0, during the time.)
2021-11-13T05:52:38.284320Z 0 [Note] InnoDB: page_cleaner: 1000ms intended loop took 3568234ms. The settings might not be optimal. (flushed=0 and evicted=0, during the time.)
2021-11-13T05:57:11.925335Z 0 [Note] InnoDB: page_cleaner: 1000ms intended loop took 267513ms. The settings might not be optimal. (flushed=0 and evicted=0, during the time.)
2021-11-13T05:58:16.386177Z 0 [Note] InnoDB: page_cleaner: 1000ms intended loop took 11752ms. The settings might not be optimal. (flushed=0 and evicted=0, during the time.)
2021-11-13T07:41:18.205603Z 0 [Note] InnoDB: page_cleaner: 1000ms intended loop took 6143913ms. The settings might not be optimal. (flushed=0 and evicted=0, during the time.)
2021-11-13T07:53:34.003586Z 0 [Note] InnoDB: page_cleaner: 1000ms intended loop took 717801ms. The settings might not be optimal. (flushed=0 and evicted=0, during the time.)
2021-11-13T08:58:52.462829Z 0 [Note] InnoDB: page_cleaner: 1000ms intended loop took 3906026ms. The settings might not be optimal. (flushed=0 and evicted=0, during the time.)
2021-11-13T09:38:51.994140Z 0 [Note] InnoDB: page_cleaner: 1000ms intended loop took 2391087ms. The settings might not be optimal. (flushed=0 and evicted=0, during the time.)
2021-11-13T10:51:01.665882Z 0 [Note] InnoDB: page_cleaner: 1000ms intended loop took 4313381ms. The settings might not be optimal. (flushed=0 and evicted=0, during the time.)
2021-11-13T12:39:11.888239Z 0 [Note] InnoDB: page_cleaner: 1000ms intended loop took 6474906ms. The settings might not be optimal. (flushed=0 and evicted=0, during the time.)
2021-11-13T14:27:20.565498Z 0 [Note] InnoDB: page_cleaner: 1000ms intended loop took 6470923ms. The settings might not be optimal. (flushed=0 and evicted=0, during the time.)
2021-11-13T16:15:34.205840Z 0 [Note] InnoDB: page_cleaner: 1000ms intended loop took 6472913ms. The settings might not be optimal. (flushed=0 and evicted=0, during the time.)
2021-11-13T17:59:57.983147Z 0 [Note] InnoDB: page_cleaner: 1000ms intended loop took 6244922ms. The settings might not be optimal. (flushed=0 and evicted=0, during the time.)
2021-11-14T02:55:25.468318Z 0 [Note] InnoDB: page_cleaner: 1000ms intended loop took 32085111ms. The settings might not be optimal. (flushed=0 and evicted=0, during the time.)
2021-11-14T08:25:14.766696Z 0 [Note] InnoDB: page_cleaner: 1000ms intended loop took 19768109ms. The settings might not be optimal. (flushed=0 and evicted=0, during the time.)
2021-11-14T10:26:24.918241Z 0 [Note] InnoDB: page_cleaner: 1000ms intended loop took 7241042ms. The settings might not be optimal. (flushed=0 and evicted=0, during the time.)
2021-11-14T13:35:08.454492Z 0 [Note] InnoDB: page_cleaner: 1000ms intended loop took 11306828ms. The settings might not be optimal. (flushed=0 and evicted=0, during the time.)
2021-11-15T01:42:11.373537Z 0 [Note] InnoDB: page_cleaner: 1000ms intended loop took 43590224ms. The settings might not be optimal. (flushed=0 and evicted=0, during the time.)
2021-11-15T02:40:28.738025Z 0 [Note] InnoDB: page_cleaner: 1000ms intended loop took 1794494ms. The settings might not be optimal. (flushed=0 and evicted=0, during the time.)
2021-11-15T02:43:12.874000Z 0 [Note] InnoDB: page_cleaner: 1000ms intended loop took 37115ms. The settings might not be optimal. (flushed=0 and evicted=0, during the time.)
2021-11-15T04:10:31.085213Z 0 [Note] InnoDB: page_cleaner: 1000ms intended loop took 5226228ms. The settings might not be optimal. (flushed=0 and evicted=0, during the time.)
2021-11-15T05:58:44.255366Z 0 [Note] InnoDB: page_cleaner: 1000ms intended loop took 6485640ms. The settings might not be optimal. (flushed=0 and evicted=0, during the time.)
2021-11-15T07:46:55.847444Z 0 [Note] InnoDB: page_cleaner: 1000ms intended loop took 6471584ms. The settings might not be optimal. (flushed=0 and evicted=0, during the time.)
2021-11-15T09:35:07.333280Z 0 [Note] InnoDB: page_cleaner: 1000ms intended loop took 6470884ms. The settings might not be optimal. (flushed=0 and evicted=0, during the time.)
2021-11-15T11:23:17.178652Z 0 [Note] InnoDB: page_cleaner: 1000ms intended loop took 6471442ms. The settings might not be optimal. (flushed=0 and evicted=0, during the time.)
2021-11-15T13:11:24.764120Z 0 [Note] InnoDB: page_cleaner: 1000ms intended loop took 6473478ms. The settings might not be optimal. (flushed=0 and evicted=0, during the time.)
2021-11-15T14:44:21.309115Z 0 [Note] InnoDB: page_cleaner: 1000ms intended loop took 5558065ms. The settings might not be optimal. (flushed=0 and evicted=0, during the time.)
2021-11-15T15:00:07.858322Z 0 [Note] InnoDB: page_cleaner: 1000ms intended loop took 914705ms. The settings might not be optimal. (flushed=0 and evicted=0, during the time.)
2021-11-15T15:49:28.490318Z 0 [Note] InnoDB: page_cleaner: 1000ms intended loop took 2945590ms. The settings might not be optimal. (flushed=0 and evicted=0, during the time.)
2021-11-15T15:54:22.557441Z 0 [Note] InnoDB: page_cleaner: 1000ms intended loop took 209700ms. The settings might not be optimal. (flushed=0 and evicted=0, during the time.)
