2021-11-12T19:51:42.802241Z 0 [Warning] TIMESTAMP with implicit DEFAULT value is deprecated. Please use --explicit_defaults_for_timestamp server option (see documentation for more details).
2021-11-12T19:51:42.804468Z 0 [Warning] Setting lower_case_table_names=2 because file system for /Users/francesthai/planetscale/vitess/examples/local/vtdataroot/vt_0000000101/data/ is case insensitive
2021-11-12T19:51:42.897626Z 0 [Warning] InnoDB: New log files created, LSN=45790
2021-11-12T19:51:42.911608Z 0 [Warning] InnoDB: Creating foreign key constraint system tables.
2021-11-12T19:51:43.061308Z 0 [Warning] No existing UUID has been found, so we assume that this is the first time that this server has been started. Generating a new UUID: f5bccbc2-43f1-11ec-ab2d-9ff0d55d4e73.
2021-11-12T19:51:43.080828Z 0 [Warning] Gtid table is not ready to be used. Table 'mysql.gtid_executed' cannot be opened.
2021-11-12T19:51:43.407186Z 0 [Warning] A deprecated TLS version TLSv1 is enabled. Please use TLSv1.2 or higher.
2021-11-12T19:51:43.407203Z 0 [Warning] A deprecated TLS version TLSv1.1 is enabled. Please use TLSv1.2 or higher.
2021-11-12T19:51:43.407760Z 0 [Warning] CA certificate ca.pem is self signed.
2021-11-12T19:51:43.569977Z 1 [Warning] root@localhost is created with an empty password ! Please consider switching off the --initialize-insecure option.
2021-11-12T19:51:49.6NZ mysqld_safe Logging to '/Users/francesthai/planetscale/vitess/examples/local/vtdataroot/vt_0000000101/error.log'.
2021-11-12T19:51:49.6NZ mysqld_safe Starting mysqld daemon with databases from /Users/francesthai/planetscale/vitess/examples/local/vtdataroot/vt_0000000101/data
2021-11-12T19:51:50.152308Z 0 [Warning] TIMESTAMP with implicit DEFAULT value is deprecated. Please use --explicit_defaults_for_timestamp server option (see documentation for more details).
2021-11-12T19:51:50.154341Z 0 [Warning] Insecure configuration for --secure-file-priv: Location is accessible to all OS users. Consider choosing a different directory.
2021-11-12T19:51:50.154469Z 0 [Note] /usr/local/opt/mysql@5.7/bin/mysqld (mysqld 5.7.36-log) starting as process 98433 ...
2021-11-12T19:51:50.156207Z 0 [Warning] Setting lower_case_table_names=2 because file system for /Users/francesthai/planetscale/vitess/examples/local/vtdataroot/vt_0000000101/data/ is case insensitive
2021-11-12T19:51:50.176991Z 0 [Note] InnoDB: Mutexes and rw_locks use GCC atomic builtins
2021-11-12T19:51:50.177022Z 0 [Note] InnoDB: Uses event mutexes
2021-11-12T19:51:50.177035Z 0 [Note] InnoDB: GCC builtin __atomic_thread_fence() is used for memory barrier
2021-11-12T19:51:50.177046Z 0 [Note] InnoDB: Compressed tables use zlib 1.2.11
2021-11-12T19:51:50.179507Z 0 [Note] InnoDB: Number of pools: 1
2021-11-12T19:51:50.179615Z 0 [Note] InnoDB: Using CPU crc32 instructions
2021-11-12T19:51:50.180889Z 0 [Note] InnoDB: Initializing buffer pool, total size = 128M, instances = 1, chunk size = 128M
2021-11-12T19:51:50.189868Z 0 [Note] InnoDB: Completed initialization of buffer pool
2021-11-12T19:51:50.207231Z 0 [Note] InnoDB: Highest supported file format is Barracuda.
2021-11-12T19:51:50.214815Z 0 [Note] InnoDB: Creating shared tablespace for temporary tables
2021-11-12T19:51:50.214962Z 0 [Note] InnoDB: Setting file '/Users/francesthai/planetscale/vitess/examples/local/vtdataroot/vt_0000000101/innodb/data/ibtmp1' size to 12 MB. Physically writing the file full; Please wait ...
2021-11-12T19:51:50.221234Z 0 [Note] InnoDB: File '/Users/francesthai/planetscale/vitess/examples/local/vtdataroot/vt_0000000101/innodb/data/ibtmp1' size is now 12 MB.
2021-11-12T19:51:50.221864Z 0 [Note] InnoDB: 96 redo rollback segment(s) found. 96 redo rollback segment(s) are active.
2021-11-12T19:51:50.221880Z 0 [Note] InnoDB: 32 non-redo rollback segment(s) are active.
2021-11-12T19:51:50.222025Z 0 [Note] InnoDB: Waiting for purge to start
2021-11-12T19:51:50.276453Z 0 [Note] InnoDB: 5.7.36 started; log sequence number 2750297
2021-11-12T19:51:50.276926Z 0 [Note] Plugin 'FEDERATED' is disabled.
2021-11-12T19:51:50.276947Z 0 [Note] InnoDB: Loading buffer pool(s) from /Users/francesthai/planetscale/vitess/examples/local/vtdataroot/vt_0000000101/innodb/data/ib_buffer_pool
2021-11-12T19:51:50.280424Z 0 [Note] InnoDB: Buffer pool(s) load completed at 211112 11:51:50
2021-11-12T19:51:50.351089Z 0 [Note] Found ca.pem, server-cert.pem and server-key.pem in data directory. Trying to enable SSL support using them.
2021-11-12T19:51:50.351110Z 0 [Note] Skipping generation of SSL certificates as certificate files are present in data directory.
2021-11-12T19:51:50.351118Z 0 [Warning] A deprecated TLS version TLSv1 is enabled. Please use TLSv1.2 or higher.
2021-11-12T19:51:50.351124Z 0 [Warning] A deprecated TLS version TLSv1.1 is enabled. Please use TLSv1.2 or higher.
2021-11-12T19:51:50.351946Z 0 [Warning] CA certificate ca.pem is self signed.
2021-11-12T19:51:50.352031Z 0 [Note] Skipping generation of RSA key pair as key files are present in data directory.
2021-11-12T19:51:50.352185Z 0 [Note] Server hostname (bind-address): '*'; port: 17101
2021-11-12T19:51:50.352273Z 0 [Note] IPv6 is available.
2021-11-12T19:51:50.352296Z 0 [Note]   - '::' resolves to '::';
2021-11-12T19:51:50.352344Z 0 [Note] Server socket created on IP: '::'.
2021-11-12T19:51:50.368260Z 0 [Note] Event Scheduler: Loaded 0 events
2021-11-12T19:51:50.368396Z 0 [Note] /usr/local/opt/mysql@5.7/bin/mysqld: ready for connections.
Version: '5.7.36-log'  socket: '/Users/francesthai/planetscale/vitess/examples/local/vtdataroot/vt_0000000101/mysql.sock'  port: 17101  Homebrew
2021-11-12T19:51:50.528167Z 2 [Note] Aborted connection 2 to db: 'unconnected' user: 'root' host: 'localhost' (Got an error reading communication packets)
2021-11-13T02:07:54.928029Z 0 [Note] InnoDB: page_cleaner: 1000ms intended loop took 3600715ms. The settings might not be optimal. (flushed=0 and evicted=0, during the time.)
2021-11-13T02:11:14.877487Z 0 [Note] InnoDB: page_cleaner: 1000ms intended loop took 192836ms. The settings might not be optimal. (flushed=0 and evicted=0, during the time.)
2021-11-13T02:51:49.522262Z 0 [Note] InnoDB: page_cleaner: 1000ms intended loop took 2064693ms. The settings might not be optimal. (flushed=0 and evicted=0, during the time.)
2021-11-13T04:00:24.750581Z 0 [Note] InnoDB: page_cleaner: 1000ms intended loop took 4068613ms. The settings might not be optimal. (flushed=0 and evicted=0, during the time.)
2021-11-13T04:52:51.966081Z 0 [Note] InnoDB: page_cleaner: 1000ms intended loop took 3129541ms. The settings might not be optimal. (flushed=0 and evicted=0, during the time.)
2021-11-13T05:52:38.639031Z 0 [Note] InnoDB: page_cleaner: 1000ms intended loop took 3568235ms. The settings might not be optimal. (flushed=0 and evicted=0, during the time.)
2021-11-13T05:57:11.969024Z 0 [Note] InnoDB: page_cleaner: 1000ms intended loop took 267513ms. The settings might not be optimal. (flushed=0 and evicted=0, during the time.)
2021-11-13T05:58:16.035766Z 0 [Note] InnoDB: page_cleaner: 1000ms intended loop took 11752ms. The settings might not be optimal. (flushed=0 and evicted=0, during the time.)
2021-11-13T07:41:18.205622Z 0 [Note] InnoDB: page_cleaner: 1000ms intended loop took 6143913ms. The settings might not be optimal. (flushed=0 and evicted=0, during the time.)
2021-11-13T07:53:34.358274Z 0 [Note] InnoDB: page_cleaner: 1000ms intended loop took 717801ms. The settings might not be optimal. (flushed=0 and evicted=0, during the time.)
2021-11-13T08:58:52.106480Z 0 [Note] InnoDB: page_cleaner: 1000ms intended loop took 3906026ms. The settings might not be optimal. (flushed=0 and evicted=0, during the time.)
2021-11-13T09:38:51.994152Z 0 [Note] InnoDB: page_cleaner: 1000ms intended loop took 2391030ms. The settings might not be optimal. (flushed=0 and evicted=0, during the time.)
2021-11-13T10:51:01.690516Z 0 [Note] InnoDB: page_cleaner: 1000ms intended loop took 4313383ms. The settings might not be optimal. (flushed=0 and evicted=0, during the time.)
2021-11-13T12:39:12.495431Z 0 [Note] InnoDB: page_cleaner: 1000ms intended loop took 6474906ms. The settings might not be optimal. (flushed=0 and evicted=0, during the time.)
2021-11-13T14:27:20.560898Z 0 [Note] InnoDB: page_cleaner: 1000ms intended loop took 6470738ms. The settings might not be optimal. (flushed=0 and evicted=0, during the time.)
2021-11-13T16:15:34.205789Z 0 [Note] InnoDB: page_cleaner: 1000ms intended loop took 6473109ms. The settings might not be optimal. (flushed=0 and evicted=0, during the time.)
2021-11-13T17:59:57.983204Z 0 [Note] InnoDB: page_cleaner: 1000ms intended loop took 6244919ms. The settings might not be optimal. (flushed=0 and evicted=0, during the time.)
2021-11-14T02:55:27.680704Z 0 [Note] InnoDB: page_cleaner: 1000ms intended loop took 32085112ms. The settings might not be optimal. (flushed=0 and evicted=0, during the time.)
2021-11-14T08:25:14.772939Z 0 [Note] InnoDB: page_cleaner: 1000ms intended loop took 19768473ms. The settings might not be optimal. (flushed=0 and evicted=0, during the time.)
2021-11-14T10:26:24.890251Z 0 [Note] InnoDB: page_cleaner: 1000ms intended loop took 7241067ms. The settings might not be optimal. (flushed=0 and evicted=0, during the time.)
2021-11-14T13:35:08.438730Z 0 [Note] InnoDB: page_cleaner: 1000ms intended loop took 11306828ms. The settings might not be optimal. (flushed=0 and evicted=0, during the time.)
2021-11-15T01:42:11.382697Z 0 [Note] InnoDB: page_cleaner: 1000ms intended loop took 43590223ms. The settings might not be optimal. (flushed=0 and evicted=0, during the time.)
2021-11-15T02:40:28.738121Z 0 [Note] InnoDB: page_cleaner: 1000ms intended loop took 1794494ms. The settings might not be optimal. (flushed=0 and evicted=0, during the time.)
2021-11-15T02:43:12.512562Z 0 [Note] InnoDB: page_cleaner: 1000ms intended loop took 37116ms. The settings might not be optimal. (flushed=0 and evicted=0, during the time.)
2021-11-15T04:10:30.727888Z 0 [Note] InnoDB: page_cleaner: 1000ms intended loop took 5226229ms. The settings might not be optimal. (flushed=0 and evicted=0, during the time.)
2021-11-15T05:58:44.455135Z 0 [Note] InnoDB: page_cleaner: 1000ms intended loop took 6485640ms. The settings might not be optimal. (flushed=0 and evicted=0, during the time.)
2021-11-15T07:46:55.849712Z 0 [Note] InnoDB: page_cleaner: 1000ms intended loop took 6471582ms. The settings might not be optimal. (flushed=0 and evicted=0, during the time.)
2021-11-15T09:35:07.329631Z 0 [Note] InnoDB: page_cleaner: 1000ms intended loop took 6470884ms. The settings might not be optimal. (flushed=0 and evicted=0, during the time.)
2021-11-15T11:23:17.183796Z 0 [Note] InnoDB: page_cleaner: 1000ms intended loop took 6471441ms. The settings might not be optimal. (flushed=0 and evicted=0, during the time.)
2021-11-15T13:11:24.911251Z 0 [Note] InnoDB: page_cleaner: 1000ms intended loop took 6473479ms. The settings might not be optimal. (flushed=0 and evicted=0, during the time.)
2021-11-15T14:44:21.523916Z 0 [Note] InnoDB: page_cleaner: 1000ms intended loop took 5558065ms. The settings might not be optimal. (flushed=0 and evicted=0, during the time.)
2021-11-15T15:00:07.858270Z 0 [Note] InnoDB: page_cleaner: 1000ms intended loop took 914722ms. The settings might not be optimal. (flushed=0 and evicted=0, during the time.)
2021-11-15T15:49:28.490419Z 0 [Note] InnoDB: page_cleaner: 1000ms intended loop took 2945590ms. The settings might not be optimal. (flushed=0 and evicted=0, during the time.)
2021-11-15T15:54:22.557453Z 0 [Note] InnoDB: page_cleaner: 1000ms intended loop took 209700ms. The settings might not be optimal. (flushed=0 and evicted=0, during the time.)
